This file contains any messages produced by compilers while
running configure, to aid debugging if configure makes a mistake.

It was created by GNU Make configure 4.4.1, which was
generated by GNU Autoconf 2.71.  Invocation command line was

  $ /tmp/enditar/spack-stage/spack-stage-gmake-4.4.1-kt3bggjazxpokipfvzjvo3uflis2zopl/spack-src/configure --prefix=/home/enditar/spack/opt/spack/linux-almalinux9-cascadelake/intel-2021.11.0/gmake-4.4.1-kt3bggjazxpokipfvzjvo3uflis2zopl --without-guile --disable-nls --disable-dependency-tracking

## --------- ##
## Platform. ##
## --------- ##

hostname = frontend.benchmarkcenter.megware.com
uname -m = x86_64
uname -r = 5.14.0-362.13.1.el9_3.x86_64
uname -s = Linux
uname -v = #1 SMP PREEMPT_DYNAMIC Thu Dec 21 07:12:43 EST 2023

/usr/bin/uname -p = x86_64
/bin/uname -X     = unknown

/bin/arch              = x86_64
/usr/bin/arch -k       = unknown
/usr/convex/getsysinfo = unknown
/usr/bin/hostinfo      = unknown
/bin/machine           = unknown
/usr/bin/oslevel       = unknown
/bin/universe          = unknown

PATH: /cluster/intel/oneapi/2023.1.0/compiler/2023.1.0/linux/bin/intel64/
PATH: /cluster/intel/oneapi/2023.1.0/compiler/2023.1.0/linux/bin/
PATH: /cluster/intel/oneapi/2023.1.0/compiler/2023.1.0/linux/lib/oclfpga/bin/
PATH: /home/enditar/spack/bin/
PATH: /home/enditar/.vscode-server/bin/903b1e9d8990623e3d7da1df3d33db3e42d80eda/bin/remote-cli/
PATH: /home/enditar/.local/bin/
PATH: /home/enditar/bin/
PATH: /usr/share/Modules/bin/
PATH: /usr/local/bin/
PATH: /usr/bin/
PATH: /usr/local/sbin/
PATH: /usr/sbin/


## ----------- ##
## Core tests. ##
## ----------- ##

configure:2952: looking for aux files: config.rpath config.guess config.sub compile missing install-sh
configure:2965:  trying /tmp/enditar/spack-stage/spack-stage-gmake-4.4.1-kt3bggjazxpokipfvzjvo3uflis2zopl/spack-src/build-aux/
configure:2994:   /tmp/enditar/spack-stage/spack-stage-gmake-4.4.1-kt3bggjazxpokipfvzjvo3uflis2zopl/spack-src/build-aux/config.rpath found
configure:2994:   /tmp/enditar/spack-stage/spack-stage-gmake-4.4.1-kt3bggjazxpokipfvzjvo3uflis2zopl/spack-src/build-aux/config.guess found
configure:2994:   /tmp/enditar/spack-stage/spack-stage-gmake-4.4.1-kt3bggjazxpokipfvzjvo3uflis2zopl/spack-src/build-aux/config.sub found
configure:2994:   /tmp/enditar/spack-stage/spack-stage-gmake-4.4.1-kt3bggjazxpokipfvzjvo3uflis2zopl/spack-src/build-aux/compile found
configure:2994:   /tmp/enditar/spack-stage/spack-stage-gmake-4.4.1-kt3bggjazxpokipfvzjvo3uflis2zopl/spack-src/build-aux/missing found
configure:2976:   /tmp/enditar/spack-stage/spack-stage-gmake-4.4.1-kt3bggjazxpokipfvzjvo3uflis2zopl/spack-src/build-aux/install-sh found
configure:3139: checking for a BSD-compatible install
configure:3212: result: /usr/bin/install -c
configure:3223: checking whether build environment is sane
configure:3278: result: yes
configure:3437: checking for a race-free mkdir -p
configure:3481: result: /usr/bin/mkdir -p
configure:3488: checking for gawk
configure:3509: found /usr/bin/gawk
configure:3520: result: gawk
configure:3531: checking whether make sets $(MAKE)
configure:3554: result: yes
configure:3584: checking whether make supports nested variables
configure:3602: result: yes
configure:3753: checking whether make supports the include directive
configure:3768: make -f confmf.GNU && cat confinc.out
this is the am__doit target
configure:3771: $? = 0
configure:3790: result: yes (GNU style)
configure:3866: checking for gcc
configure:3887: found /usr/bin/gcc
configure:3898: result: gcc
configure:4251: checking for C compiler version
configure:4260: gcc --version >&5
gcc (GCC) 11.4.1 20230605 (Red Hat 11.4.1-2)
Copyright (C) 2021 Free Software Foundation, Inc.
This is free software; see the source for copying conditions.  There is NO
warranty; not even for MERCHANTABILITY or FITNESS FOR A PARTICULAR PURPOSE.

configure:4271: $? = 0
configure:4260: gcc -v >&5
Using built-in specs.
COLLECT_GCC=gcc
COLLECT_LTO_WRAPPER=/usr/libexec/gcc/x86_64-redhat-linux/11/lto-wrapper
OFFLOAD_TARGET_NAMES=nvptx-none
OFFLOAD_TARGET_DEFAULT=1
Target: x86_64-redhat-linux
Configured with: ../configure --enable-bootstrap --enable-host-pie --enable-host-bind-now --enable-languages=c,c++,fortran,lto --prefix=/usr --mandir=/usr/share/man --infodir=/usr/share/info --with-bugurl=http://bugs.almalinux.org/ --enable-shared --enable-threads=posix --enable-checking=release --with-system-zlib --enable-__cxa_atexit --disable-libunwind-exceptions --enable-gnu-unique-object --enable-linker-build-id --with-gcc-major-version-only --enable-plugin --enable-initfini-array --without-isl --enable-multilib --with-linker-hash-style=gnu --enable-offload-targets=nvptx-none --without-cuda-driver --enable-gnu-indirect-function --enable-cet --with-tune=generic --with-arch_64=x86-64-v2 --with-arch_32=x86-64 --build=x86_64-redhat-linux --with-build-config=bootstrap-lto --enable-link-serialization=1
Thread model: posix
Supported LTO compression algorithms: zlib zstd
gcc version 11.4.1 20230605 (Red Hat 11.4.1-2) (GCC) 
... rest of stderr output deleted ...
configure:4271: $? = 0
configure:4260: gcc -V >&5
gcc: error: unrecognized command-line option '-V'
gcc: fatal error: no input files
compilation terminated.
configure:4271: $? = 1
configure:4260: gcc -qversion >&5
gcc: error: unrecognized command-line option '-qversion'; did you mean '--version'?
gcc: fatal error: no input files
compilation terminated.
configure:4271: $? = 1
configure:4260: gcc -version >&5
gcc: error: unrecognized command-line option '-version'
gcc: fatal error: no input files
compilation terminated.
configure:4271: $? = 1
configure:4291: checking whether the C compiler works
configure:4313: gcc    conftest.c  >&5
configure:4317: $? = 0
configure:4367: result: yes
configure:4370: checking for C compiler default output file name
configure:4372: result: a.out
configure:4378: checking for suffix of executables
configure:4385: gcc -o conftest    conftest.c  >&5
configure:4389: $? = 0
configure:4412: result: 
configure:4434: checking whether we are cross compiling
configure:4442: gcc -o conftest    conftest.c  >&5
conftest.c:11:10: fatal error: stdio.h: No such file or directory
   11 | #include <stdio.h>
      |          ^~~~~~~~~
compilation terminated.
configure:4446: $? = 1
configure:4453: ./conftest
/tmp/enditar/spack-stage/spack-stage-gmake-4.4.1-kt3bggjazxpokipfvzjvo3uflis2zopl/spack-src/configure: line 4455: ./conftest: No such file or directory
configure:4457: $? = 127
configure:4464: error: in `/home/enditar/qmckl_sycl':
configure:4466: error: cannot run C compiled programs.
If you meant to cross compile, use `--host'.
See `config.log' for more details

## ---------------- ##
## Cache variables. ##
## ---------------- ##

ac_cv_env_CCC_set=
ac_cv_env_CCC_value=
ac_cv_env_CC_set=
ac_cv_env_CC_value=
ac_cv_env_CFLAGS_set=
ac_cv_env_CFLAGS_value=
ac_cv_env_CPPFLAGS_set=
ac_cv_env_CPPFLAGS_value=
ac_cv_env_CPP_set=
ac_cv_env_CPP_value=
ac_cv_env_CXXFLAGS_set=
ac_cv_env_CXXFLAGS_value=
ac_cv_env_CXX_set=
ac_cv_env_CXX_value=
ac_cv_env_GUILE_CFLAGS_set=
ac_cv_env_GUILE_CFLAGS_value=
ac_cv_env_GUILE_LIBS_set=
ac_cv_env_GUILE_LIBS_value=
ac_cv_env_LDFLAGS_set=
ac_cv_env_LDFLAGS_value=
ac_cv_env_LIBS_set=
ac_cv_env_LIBS_value=
ac_cv_env_PKG_CONFIG_LIBDIR_set=
ac_cv_env_PKG_CONFIG_LIBDIR_value=
ac_cv_env_PKG_CONFIG_PATH_set=
ac_cv_env_PKG_CONFIG_PATH_value=
ac_cv_env_PKG_CONFIG_set=
ac_cv_env_PKG_CONFIG_value=
ac_cv_env_build_alias_set=
ac_cv_env_build_alias_value=
ac_cv_env_host_alias_set=
ac_cv_env_host_alias_value=
ac_cv_env_target_alias_set=
ac_cv_env_target_alias_value=
ac_cv_path_install='/usr/bin/install -c'
ac_cv_path_mkdir=/usr/bin/mkdir
ac_cv_prog_AWK=gawk
ac_cv_prog_ac_ct_CC=gcc
ac_cv_prog_make_make_set=yes
am_cv_make_support_nested_variables=yes

## ----------------- ##
## Output variables. ##
## ----------------- ##

ACLOCAL='${SHELL} '\''/tmp/enditar/spack-stage/spack-stage-gmake-4.4.1-kt3bggjazxpokipfvzjvo3uflis2zopl/spack-src/build-aux/missing'\'' aclocal-1.16'
ALLOCA=''
ALLOCA_H=''
AMDEPBACKSLASH=''
AMDEP_FALSE=''
AMDEP_TRUE='#'
AMTAR='$${TAR-tar}'
AM_BACKSLASH='\'
AM_DEFAULT_V='$(AM_DEFAULT_VERBOSITY)'
AM_DEFAULT_VERBOSITY='1'
AM_LDFLAGS=''
AM_V='$(V)'
AR=''
ARFLAGS=''
AUTOCONF='${SHELL} '\''/tmp/enditar/spack-stage/spack-stage-gmake-4.4.1-kt3bggjazxpokipfvzjvo3uflis2zopl/spack-src/build-aux/missing'\'' autoconf'
AUTOHEADER='${SHELL} '\''/tmp/enditar/spack-stage/spack-stage-gmake-4.4.1-kt3bggjazxpokipfvzjvo3uflis2zopl/spack-src/build-aux/missing'\'' autoheader'
AUTOMAKE='${SHELL} '\''/tmp/enditar/spack-stage/spack-stage-gmake-4.4.1-kt3bggjazxpokipfvzjvo3uflis2zopl/spack-src/build-aux/missing'\'' automake-1.16'
AWK='gawk'
CC='gcc'
CCDEPMODE=''
CFLAGS=''
CPP=''
CPPFLAGS=''
CSCOPE='cscope'
CTAGS='ctags'
CXX=''
CXXDEPMODE=''
CXXFLAGS=''
CYGPATH_W='echo'
DEFS=''
DEPDIR='.deps'
ECHO_C=''
ECHO_N='-n'
ECHO_T=''
EGREP=''
ETAGS='etags'
EXEEXT=''
GETLOADAVG_LIBS=''
GETTEXT_MACRO_VERSION=''
GL_CFLAG_ALLOW_WARNINGS=''
GL_CFLAG_GNULIB_WARNINGS=''
GL_COND_LIBTOOL_FALSE=''
GL_COND_LIBTOOL_TRUE=''
GL_COND_OBJ_GETLOADAVG_FALSE=''
GL_COND_OBJ_GETLOADAVG_TRUE=''
GL_GENERATE_ALLOCA_H_FALSE=''
GL_GENERATE_ALLOCA_H_TRUE=''
GL_GNULIB_GETLOADAVG=''
GMSGFMT=''
GMSGFMT_015=''
GREP=''
GUILE_CFLAGS=''
GUILE_LIBS=''
HAVE_ALLOCA_H=''
HAVE_DECL_GETLOADAVG=''
HAVE_GUILE_FALSE=''
HAVE_GUILE_TRUE=''
HOST_CPU=''
HOST_CPU_C_ABI=''
INSTALL_DATA='${INSTALL} -m 644'
INSTALL_PROGRAM='${INSTALL}'
INSTALL_SCRIPT='${INSTALL}'
INSTALL_STRIP_PROGRAM='$(install_sh) -c -s'
INTLLIBS=''
INTL_MACOSX_LIBS=''
KNOWN_PREFIX_FALSE=''
KNOWN_PREFIX_TRUE=''
LDFLAGS=''
LIBGNU_LIBDEPS=''
LIBGNU_LTLIBDEPS=''
LIBICONV=''
LIBINTL=''
LIBOBJS=''
LIBS=''
LTLIBICONV=''
LTLIBINTL=''
LTLIBOBJS=''
MAKEINFO='${SHELL} '\''/tmp/enditar/spack-stage/spack-stage-gmake-4.4.1-kt3bggjazxpokipfvzjvo3uflis2zopl/spack-src/build-aux/missing'\'' makeinfo'
MAKE_HOST=''
MKDIR_P='/usr/bin/mkdir -p'
MSGFMT=''
MSGFMT_015=''
MSGMERGE=''
OBJEXT=''
PACKAGE='make'
PACKAGE_BUGREPORT='bug-make@gnu.org'
PACKAGE_NAME='GNU Make'
PACKAGE_STRING='GNU Make 4.4.1'
PACKAGE_TARNAME='make'
PACKAGE_URL='https://www.gnu.org/software/make/'
PACKAGE_VERSION='4.4.1'
PATH_SEPARATOR=':'
PERL=''
PKG_CONFIG=''
PKG_CONFIG_LIBDIR=''
PKG_CONFIG_PATH=''
POSUB=''
RANLIB=''
REMOTE=''
SED=''
SET_MAKE=''
SHELL='/bin/sh'
STRIP=''
USE_CUSTOMS_FALSE=''
USE_CUSTOMS_TRUE=''
USE_NLS=''
USE_SYSTEM_GLOB=''
USE_SYSTEM_GLOB_FALSE=''
USE_SYSTEM_GLOB_TRUE=''
VERSION='4.4.1'
WINDOWSENV_FALSE=''
WINDOWSENV_TRUE=''
XGETTEXT=''
XGETTEXT_015=''
XGETTEXT_EXTRA_OPTIONS=''
ac_ct_CC='gcc'
ac_ct_CXX=''
am__EXEEXT_FALSE=''
am__EXEEXT_TRUE=''
am__fastdepCC_FALSE=''
am__fastdepCC_TRUE=''
am__fastdepCXX_FALSE=''
am__fastdepCXX_TRUE=''
am__include='include'
am__isrc=' -I$(srcdir)'
am__leading_dot='.'
am__nodep=''
am__quote=''
am__tar='$${TAR-tar} chof - "$$tardir"'
am__untar='$${TAR-tar} xf -'
bindir='${exec_prefix}/bin'
build=''
build_alias=''
build_cpu=''
build_os=''
build_vendor=''
datadir='${datarootdir}'
datarootdir='${prefix}/share'
docdir='${datarootdir}/doc/${PACKAGE_TARNAME}'
dvidir='${docdir}'
exec_prefix='NONE'
gl_LIBOBJDEPS=''
gl_LIBOBJS=''
gl_LTLIBOBJS=''
gltests_LIBOBJDEPS=''
gltests_LIBOBJS=''
gltests_LTLIBOBJS=''
gltests_WITNESS=''
host=''
host_alias=''
host_cpu=''
host_os=''
host_vendor=''
htmldir='${docdir}'
includedir='${prefix}/include'
infodir='${datarootdir}/info'
install_sh='${SHELL} /tmp/enditar/spack-stage/spack-stage-gmake-4.4.1-kt3bggjazxpokipfvzjvo3uflis2zopl/spack-src/build-aux/install-sh'
libdir='${exec_prefix}/lib'
libexecdir='${exec_prefix}/libexec'
localedir='${datarootdir}/locale'
localstatedir='${prefix}/var'
mandir='${datarootdir}/man'
mkdir_p='$(MKDIR_P)'
oldincludedir='/usr/include'
pdfdir='${docdir}'
prefix='/home/enditar/spack/opt/spack/linux-almalinux9-cascadelake/intel-2021.11.0/gmake-4.4.1-kt3bggjazxpokipfvzjvo3uflis2zopl'
program_transform_name='s,x,x,'
psdir='${docdir}'
runstatedir='${localstatedir}/run'
sbindir='${exec_prefix}/sbin'
sharedstatedir='${prefix}/com'
sysconfdir='${prefix}/etc'
target_alias=''

## ------------------- ##
## File substitutions. ##
## ------------------- ##

MAINT_MAKEFILE=''

## ----------- ##
## confdefs.h. ##
## ----------- ##

/* confdefs.h */
#define PACKAGE_NAME "GNU Make"
#define PACKAGE_TARNAME "make"
#define PACKAGE_VERSION "4.4.1"
#define PACKAGE_STRING "GNU Make 4.4.1"
#define PACKAGE_BUGREPORT "bug-make@gnu.org"
#define PACKAGE_URL "https://www.gnu.org/software/make/"
#define PACKAGE "make"
#define VERSION "4.4.1"

configure: exit 77
